
============================================================
Solving: ../../Dataset/A/A-n36-k5.vrp
============================================================
Instance: A-n36-k5
Customers: 35  |  Depot: 1
Capacity: 100  |  Vehicles: 5
Total demand: 442  |  Tightness: 0.88
  Heuristic upper bound: 1031.0
  Solving root LP relaxation...
  Root LP lower bound:   786.00
  Gap: 23.76%
  B&B limits — time_limit: 600s  |  max_nodes: 5000
  Time limit reached after 94 nodes
  B&B explored 94 nodes. Best cost: 1031.0

Final solution:
  Cost        : 1031
  Routes used : 5
  Time        : 603.2s
  Saved: ../outputs/b&c/A-n36-k5_solution.txt
  Saved: ../outputs/b&c/A-n36-k5_plot.png
