
============================================================
Solving: ../../Dataset/A/A-n39-k5.vrp
============================================================
Instance: A-n39-k5
Customers: 38  |  Depot: 1
Capacity: 100  |  Vehicles: 5
Total demand: 475  |  Tightness: 0.95
  Heuristic upper bound: 1028.0
  Solving root LP relaxation...
  Root LP lower bound:   797.67
  Gap: 22.41%
  B&B limits — time_limit: 600s  |  max_nodes: 5000
  Time limit reached after 57 nodes
  B&B explored 57 nodes. Best cost: 1028.0

Final solution:
  Cost        : 1028
  Routes used : 5
  Time        : 606.0s
  Saved: ../outputs/b&c/A-n39-k5_solution.txt
  Saved: ../outputs/b&c/A-n39-k5_plot.png
