
============================================================
Solving: ../../Dataset/A/A-n46-k7.vrp
============================================================
Instance: A-n46-k7
Customers: 45  |  Depot: 1
Capacity: 100  |  Vehicles: 7
Total demand: 603  |  Tightness: 0.86
  Heuristic upper bound: 1275.0
  Solving root LP relaxation...
  Root LP lower bound:   895.00
  Gap: 29.80%
  B&B limits — time_limit: 600s  |  max_nodes: 5000
  Node 23: new best = 1117.0
  Time limit reached after 25 nodes
  B&B explored 25 nodes. Best cost: 1117.0

Final solution:
  Cost        : 1117
  Routes used : 7
  Time        : 608.9s
  Saved: ../outputs/b&c/A-n46-k7_solution.txt
  Saved: ../outputs/b&c/A-n46-k7_plot.png
