
============================================================
Solving: ../../Dataset/A/A-n44-k6.vrp
============================================================
Instance: A-n44-k6
Customers: 43  |  Depot: 1
Capacity: 100  |  Vehicles: 6
Total demand: 570  |  Tightness: 0.95
  Heuristic upper bound: 1343.0
  Solving root LP relaxation...
  Root LP lower bound:   904.43
  Gap: 32.66%
  B&B limits — time_limit: 600s  |  max_nodes: 5000
  Time limit reached after 25 nodes
  B&B explored 25 nodes. Best cost: 1343.0

Final solution:
  Cost        : 1343
  Routes used : 6
  Time        : 611.9s
  Saved: ../outputs/b&c/A-n44-k6_solution.txt
  Saved: ../outputs/b&c/A-n44-k6_plot.png
