
============================================================
Solving: ../../Dataset/A/A-n45-k6.vrp
============================================================
Instance: A-n45-k6
Customers: 44  |  Depot: 1
Capacity: 100  |  Vehicles: 6
Total demand: 593  |  Tightness: 0.99
  Heuristic upper bound: 1422.0
  Solving root LP relaxation...
  Root LP lower bound:   916.50
  Gap: 35.55%
  B&B limits — time_limit: 600s  |  max_nodes: 5000
  Time limit reached after 28 nodes
  B&B explored 28 nodes. Best cost: 1422.0

Final solution:
  Cost        : 1422
  Routes used : 7
  Time        : 602.9s
  Saved: ../outputs/b&c/A-n45-k6_solution.txt
  Saved: ../outputs/b&c/A-n45-k6_plot.png
