
============================================================
Solving: ../../Dataset/A/A-n48-k7.vrp
============================================================
Instance: A-n48-k7
Customers: 47  |  Depot: 1
Capacity: 100  |  Vehicles: 7
Total demand: 626  |  Tightness: 0.89
  Heuristic upper bound: 1453.0
  Solving root LP relaxation...
  Root LP lower bound:   1039.28
  Gap: 28.47%
  B&B limits — time_limit: 600s  |  max_nodes: 5000
  Time limit reached after 14 nodes
  B&B explored 14 nodes. Best cost: 1453.0

Final solution:
  Cost        : 1453
  Routes used : 7
  Time        : 600.9s
  Saved: ../outputs/b&c/A-n48-k7_solution.txt
  Saved: ../outputs/b&c/A-n48-k7_plot.png
