
============================================================
Solving: ../../Dataset/A/A-n53-k7.vrp
============================================================
Instance: A-n53-k7
Customers: 52  |  Depot: 1
Capacity: 100  |  Vehicles: 7
Total demand: 664  |  Tightness: 0.95
  Heuristic upper bound: 1385.0
  Solving root LP relaxation...
  Root LP lower bound:   985.40
  Gap: 28.85%
  B&B limits — time_limit: 600s  |  max_nodes: 5000
  Time limit reached after 9 nodes
  B&B explored 9 nodes. Best cost: 1385.0

Final solution:
  Cost        : 1385
  Routes used : 7
  Time        : 656.9s
  Saved: ../outputs/b&c/A-n53-k7_solution.txt
  Saved: ../outputs/b&c/A-n53-k7_plot.png
