
============================================================
Solving: ../../Dataset/A/A-n54-k7.vrp
============================================================
Instance: A-n54-k7
Customers: 53  |  Depot: 1
Capacity: 100  |  Vehicles: 7
Total demand: 669  |  Tightness: 0.96
  Heuristic upper bound: 1386.0
  Solving root LP relaxation...
  Root LP lower bound:   1120.99
  Gap: 19.12%
  B&B limits — time_limit: 600s  |  max_nodes: 5000
  Time limit reached after 6 nodes
  B&B explored 6 nodes. Best cost: 1386.0

Final solution:
  Cost        : 1386
  Routes used : 7
  Time        : 664.3s
  Saved: ../outputs/b&c/A-n54-k7_solution.txt
  Saved: ../outputs/b&c/A-n54-k7_plot.png
