
============================================================
Solving: ../../Dataset/A/A-n55-k9.vrp
============================================================
Instance: A-n55-k9
Customers: 54  |  Depot: 1
Capacity: 100  |  Vehicles: 9
Total demand: 839  |  Tightness: 0.93
  Heuristic upper bound: 1472.0
  Solving root LP relaxation...
  Root LP lower bound:   1042.35
  Gap: 29.19%
  B&B limits — time_limit: 600s  |  max_nodes: 5000
  Time limit reached after 7 nodes
  B&B explored 7 nodes. Best cost: 1472.0

Final solution:
  Cost        : 1472
  Routes used : 9
  Time        : 612.6s
  Saved: ../outputs/b&c/A-n55-k9_solution.txt
  Saved: ../outputs/b&c/A-n55-k9_plot.png
