
============================================================
Solving: ../../Dataset/A/A-n60-k9.vrp
============================================================
Instance: A-n60-k9
Customers: 59  |  Depot: 1
Capacity: 100  |  Vehicles: 9
Total demand: 829  |  Tightness: 0.92
  Heuristic upper bound: 1775.0
  Solving root LP relaxation...
  Root LP lower bound:   1285.41
  Gap: 27.58%
  B&B limits — time_limit: 600s  |  max_nodes: 5000
  Time limit reached after 3 nodes
  B&B explored 3 nodes. Best cost: 1775.0

Final solution:
  Cost        : 1775
  Routes used : 9
  Time        : 760.2s
  Saved: ../outputs/b&c/A-n60-k9_solution.txt
  Saved: ../outputs/b&c/A-n60-k9_plot.png
