
============================================================
Solving: ../../Dataset/A/A-n63-k9.vrp
============================================================
Instance: A-n63-k9
Customers: 62  |  Depot: 1
Capacity: 100  |  Vehicles: 9
Total demand: 873  |  Tightness: 0.97
  Heuristic upper bound: 2139.0
  Solving root LP relaxation...
  Root LP lower bound:   1549.32
  Gap: 27.57%
  B&B limits — time_limit: 600s  |  max_nodes: 5000
  Time limit reached after 2 nodes
  B&B explored 2 nodes. Best cost: 2139.0

Final solution:
  Cost        : 2139
  Routes used : 9
  Time        : 745.0s
  Saved: ../outputs/b&c/A-n63-k9_solution.txt
  Saved: ../outputs/b&c/A-n63-k9_plot.png
