
============================================================
Solving: ../../Dataset/A/A-n61-k9.vrp
============================================================
Instance: A-n61-k9
Customers: 60  |  Depot: 1
Capacity: 100  |  Vehicles: 9
Total demand: 885  |  Tightness: 0.98
  Heuristic upper bound: 1354.0
  Solving root LP relaxation...
  Root LP lower bound:   985.47
  Gap: 27.22%
  B&B limits — time_limit: 600s  |  max_nodes: 5000
  Time limit reached after 5 nodes
  B&B explored 5 nodes. Best cost: 1354.0

Final solution:
  Cost        : 1354
  Routes used : 9
  Time        : 767.1s
  Saved: ../outputs/b&c/A-n61-k9_solution.txt
  Saved: ../outputs/b&c/A-n61-k9_plot.png
