
============================================================
Solving: ../../Dataset/A/A-n64-k9.vrp
============================================================
Instance: A-n64-k9
Customers: 63  |  Depot: 1
Capacity: 100  |  Vehicles: 9
Total demand: 848  |  Tightness: 0.94
  Heuristic upper bound: 1903.0
  Solving root LP relaxation...
  Root LP lower bound:   1325.66
  Gap: 30.34%
  B&B limits — time_limit: 600s  |  max_nodes: 5000
  Time limit reached after 2 nodes
  B&B explored 2 nodes. Best cost: 1903.0

Final solution:
  Cost        : 1903
  Routes used : 9
  Time        : 891.7s
  Saved: ../outputs/b&c/A-n64-k9_solution.txt
  Saved: ../outputs/b&c/A-n64-k9_plot.png
