
============================================================
Solving: ../../Dataset/A/A-n65-k9.vrp
============================================================
Instance: A-n65-k9
Customers: 64  |  Depot: 1
Capacity: 100  |  Vehicles: 9
Total demand: 877  |  Tightness: 0.97
  Heuristic upper bound: 1694.0
  Solving root LP relaxation...
  Root LP lower bound:   1135.91
  Gap: 32.95%
  B&B limits — time_limit: 600s  |  max_nodes: 5000
  Time limit reached after 3 nodes
  B&B explored 3 nodes. Best cost: 1694.0

Final solution:
  Cost        : 1694
  Routes used : 9
  Time        : 779.5s
  Saved: ../outputs/b&c/A-n65-k9_solution.txt
  Saved: ../outputs/b&c/A-n65-k9_plot.png
