
============================================================
Solving: ../../Dataset/A/A-n69-k9.vrp
============================================================
Instance: A-n69-k9
Customers: 68  |  Depot: 1
Capacity: 100  |  Vehicles: 9
Total demand: 845  |  Tightness: 0.94
  Heuristic upper bound: 1477.0
  Solving root LP relaxation...
  Root LP lower bound:   1092.77
  Gap: 26.01%
  B&B limits — time_limit: 600s  |  max_nodes: 5000
  Time limit reached after 2 nodes
  B&B explored 2 nodes. Best cost: 1477.0

Final solution:
  Cost        : 1477
  Routes used : 9
  Time        : 863.1s
  Saved: ../outputs/b&c/A-n69-k9_solution.txt
  Saved: ../outputs/b&c/A-n69-k9_plot.png
