
============================================================
Solving: ../../Dataset/A/A-n63-k10.vrp
============================================================
Instance: A-n63-k10
Customers: 62  |  Depot: 1
Capacity: 100  |  Vehicles: 10
Total demand: 932  |  Tightness: 0.93
  Heuristic upper bound: 1860.0
  Solving root LP relaxation...
  Root LP lower bound:   1248.89
  Gap: 32.86%
  B&B limits — time_limit: 600s  |  max_nodes: 5000
  Time limit reached after 2 nodes
  B&B explored 2 nodes. Best cost: 1860.0

Final solution:
  Cost        : 1860
  Routes used : 10
  Time        : 645.5s
  Saved: ../outputs/b&c/A-n63-k10_solution.txt
  Saved: ../outputs/b&c/A-n63-k10_plot.png
