
============================================================
Solving: ../../Dataset/A/A-n80-k10.vrp
============================================================
Instance: A-n80-k10
Customers: 79  |  Depot: 1
Capacity: 100  |  Vehicles: 10
Total demand: 942  |  Tightness: 0.94
  Heuristic upper bound: 2290.0
  Solving root LP relaxation...
  Root LP lower bound:   1673.62
  Gap: 26.92%
  B&B limits — time_limit: 600s  |  max_nodes: 5000
  Time limit reached after 0 nodes
  B&B explored 0 nodes. Best cost: 2290.0

Final solution:
  Cost        : 2290
  Routes used : 10
  Time        : 942.6s
  Saved: ../outputs/b&c/A-n80-k10_solution.txt
  Saved: ../outputs/b&c/A-n80-k10_plot.png
